<?xml version="1.0" encoding="UTF-8"?>
<!-- Generated by org.testng.reporters.JUnitXMLReporter -->
<testsuite hostname="DESKTOP-Q1UIHP7" name="Test1" tests="4" failures="1" timestamp="27 Aug 2021 12:21:43 GMT" time="96.732" errors="0">
  <testcase name="method" time="0.391" classname="assignmentTC.Testcase1">
    <skipped/>
  </testcase> <!-- method -->
  <testcase name="method" time="0.164" classname="assignmentTC.Testcase1">
    <skipped/>
  </testcase> <!-- method -->
  <testcase name="method" time="0.2" classname="assignmentTC.Testcase1">
    <skipped/>
  </testcase> <!-- method -->
  <testcase name="method" time="0.114" classname="assignmentTC.Testcase1">
    <failure type="junit.framework.AssertionFailedError" message="expected:&amp;lt;false&amp;gt; but was:&amp;lt;true&amp;gt;">
      <![CDATA[junit.framework.AssertionFailedError: expected:<false> but was:<true>
	at junit.framework.Assert.fail(Assert.java:50)
	at junit.framework.Assert.failNotEquals(Assert.java:287)
	at junit.framework.Assert.assertEquals(Assert.java:67)
	at junit.framework.Assert.assertEquals(Assert.java:147)
	at junit.framework.Assert.assertEquals(Assert.java:153)
	at assignmentTC.Testcase1.method(Testcase1.java:23)
	at java.util.concurrent.FutureTask.run(Unknown Source)
	at java.util.concurrent.ThreadPoolExecutor.runWorker(Unknown Source)
	at java.util.concurrent.ThreadPoolExecutor$Worker.run(Unknown Source)
	at java.lang.Thread.run(Unknown Source)
... Removed 16 stack frames]]>
    </failure>
  </testcase> <!-- method -->
</testsuite> <!-- Test1 -->
